\BOOKMARK [0][-]{section*.10}{\376\377\000L\000i\000s\000t\000\040\000o\000f\000\040\000A\000l\000g\000o\000r\000i\000t\000h\000m\000s}{}% 1
\BOOKMARK [0][-]{section*.12}{\376\377\000L\000i\000s\000t\000\040\000o\000f\000\040\000S\000o\000u\000r\000c\000e\000\040\000C\000o\000d\000e}{}% 2
\BOOKMARK [0][-]{chapter.14}{\376\377\000I\000n\000t\000r\000o\000d\000u\000c\000t\000i\000o\000n}{}% 3
\BOOKMARK [1][-]{section.15}{\376\377\000C\000o\000n\000t\000e\000x\000t\000u\000a\000l\000i\000z\000a\000t\000i\000o\000n}{chapter.14}% 4
\BOOKMARK [2][-]{section*.16}{\376\377\000T\000h\000e\000\040\000E\000c\000o\000n\000o\000m\000i\000c\000\040\000R\000e\000a\000l\000i\000t\000y}{section.15}% 5
\BOOKMARK [3][-]{section*.17}{\376\377\000W\000h\000y\000\040\000G\000e\000n\000e\000r\000a\000t\000i\000v\000e\000\040\000A\000g\000e\000n\000t\000s\000?}{section*.16}% 6
\BOOKMARK [1][-]{section.18}{\376\377\000P\000r\000o\000b\000l\000e\000m\000\040\000D\000e\000f\000i\000n\000i\000t\000i\000o\000n}{chapter.14}% 7
\BOOKMARK [1][-]{section.22}{\376\377\000O\000b\000j\000e\000c\000t\000i\000v\000e\000\040\000a\000n\000d\000\040\000H\000y\000p\000o\000t\000h\000e\000s\000i\000s}{chapter.14}% 8
\BOOKMARK [1][-]{section.23}{\376\377\000E\000x\000p\000e\000c\000t\000e\000d\000\040\000R\000e\000s\000u\000l\000t\000s\000\040\000a\000n\000d\000\040\000C\000o\000n\000t\000r\000i\000b\000u\000t\000i\000o\000n\000s}{chapter.14}% 9
\BOOKMARK [2][-]{subsection.24}{\376\377\000S\000c\000i\000e\000n\000t\000i\000f\000i\000c\000\040\000C\000o\000n\000t\000r\000i\000b\000u\000t\000i\000o\000n\000s}{section.23}% 10
\BOOKMARK [2][-]{subsection.25}{\376\377\000T\000e\000c\000h\000n\000i\000c\000a\000l\000\040\000C\000o\000n\000t\000r\000i\000b\000u\000t\000i\000o\000n\000s}{section.23}% 11
\BOOKMARK [1][-]{section.26}{\376\377\000E\000x\000p\000e\000c\000t\000e\000d\000\040\000R\000e\000s\000u\000l\000t\000s}{chapter.14}% 12
\BOOKMARK [1][-]{section.27}{\376\377\000D\000o\000c\000u\000m\000e\000n\000t\000\040\000S\000t\000r\000u\000c\000t\000u\000r\000e}{chapter.14}% 13
\BOOKMARK [0][-]{chapter.28}{\376\377\000S\000t\000a\000t\000e\000\040\000o\000f\000\040\000t\000h\000e\000\040\000A\000r\000t}{}% 14
\BOOKMARK [1][-]{section.29}{\376\377\000M\000e\000t\000h\000o\000d\000o\000l\000o\000g\000y}{chapter.28}% 15
\BOOKMARK [1][-]{section.30}{\376\377\000R\000e\000s\000e\000a\000r\000c\000h\000\040\000Q\000u\000e\000s\000t\000i\000o\000n\000s}{chapter.28}% 16
\BOOKMARK [1][-]{section.32}{\376\377\000S\000e\000a\000r\000c\000h\000\040\000S\000t\000r\000a\000t\000e\000g\000y}{chapter.28}% 17
\BOOKMARK [2][-]{section*.33}{\376\377\000D\000a\000t\000a\000\040\000S\000o\000u\000r\000c\000e\000s}{section.32}% 18
\BOOKMARK [3][-]{section*.35}{\376\377\000S\000e\000a\000r\000c\000h\000\040\000S\000t\000r\000i\000n\000g\000s}{section*.33}% 19
\BOOKMARK [1][-]{section.37}{\376\377\000I\000n\000c\000l\000u\000s\000i\000o\000n\000\040\000a\000n\000d\000\040\000E\000x\000c\000l\000u\000s\000i\000o\000n\000\040\000C\000r\000i\000t\000e\000r\000i\000a}{chapter.28}% 20
\BOOKMARK [1][-]{section.39}{\376\377\000S\000t\000u\000d\000y\000\040\000S\000e\000l\000e\000c\000t\000i\000o\000n\000\040\000P\000r\000o\000c\000e\000s\000s}{chapter.28}% 21
\BOOKMARK [1][-]{section.42}{\376\377\000Q\000u\000a\000l\000i\000t\000y\000\040\000A\000s\000s\000e\000s\000s\000m\000e\000n\000t}{chapter.28}% 22
\BOOKMARK [1][-]{section.43}{\376\377\000S\000y\000n\000t\000h\000e\000s\000i\000s\000\040\000o\000f\000\040\000F\000i\000n\000d\000i\000n\000g\000s}{chapter.28}% 23
\BOOKMARK [2][-]{subsection.44}{\376\377\000R\000Q\0001\000:\000\040\000A\000r\000c\000h\000i\000t\000e\000c\000t\000u\000r\000e\000\040\000\046\000\040\000O\000r\000c\000h\000e\000s\000t\000r\000a\000t\000i\000o\000n}{section.43}% 24
\BOOKMARK [3][-]{section*.45}{\376\377\000H\000i\000e\000r\000a\000r\000c\000h\000i\000c\000a\000l\000\040\000O\000r\000c\000h\000e\000s\000t\000r\000a\000t\000i\000o\000n\000\040\000\050\000W\000a\000t\000e\000r\000f\000a\000l\000l\000\051}{subsection.44}% 25
\BOOKMARK [3][-]{section*.46}{\376\377\000C\000o\000o\000p\000e\000r\000a\000t\000i\000v\000e\000\040\000O\000r\000c\000h\000e\000s\000t\000r\000a\000t\000i\000o\000n\000\040\000\050\000F\000e\000e\000d\000b\000a\000c\000k\000\040\000L\000o\000o\000p\000s\000\051}{subsection.44}% 26
\BOOKMARK [3][-]{section*.47}{\376\377\000S\000e\000l\000f\000-\000R\000e\000f\000l\000e\000c\000t\000i\000o\000n\000\040\000a\000n\000d\000\040\000D\000e\000b\000u\000g\000g\000i\000n\000g}{subsection.44}% 27
\BOOKMARK [2][-]{subsection.48}{\376\377\000R\000Q\0002\000:\000\040\000K\000n\000o\000w\000l\000e\000d\000g\000e\000\040\000I\000n\000t\000e\000g\000r\000a\000t\000i\000o\000n}{section.43}% 28
\BOOKMARK [3][-]{section*.49}{\376\377\000R\000e\000t\000r\000i\000e\000v\000a\000l\000-\000A\000u\000g\000m\000e\000n\000t\000e\000d\000\040\000G\000e\000n\000e\000r\000a\000t\000i\000o\000n\000\040\000\050\000R\000A\000G\000\051}{subsection.48}% 29
\BOOKMARK [3][-]{section*.50}{\376\377\000A\000g\000e\000n\000t\000-\000C\000o\000m\000p\000u\000t\000e\000r\000\040\000I\000n\000t\000e\000r\000f\000a\000c\000e\000s\000\040\000\050\000A\000C\000I\000\051}{subsection.48}% 30
\BOOKMARK [2][-]{subsection.51}{\376\377\000R\000Q\0003\000:\000\040\000V\000a\000l\000i\000d\000a\000t\000i\000o\000n\000\040\000\046\000\040\000E\000v\000a\000l\000u\000a\000t\000i\000o\000n}{section.43}% 31
\BOOKMARK [3][-]{section*.52}{\376\377\000B\000e\000n\000c\000h\000m\000a\000r\000k\000s\000:\000\040\000F\000r\000o\000m\000\040\000H\000u\000m\000a\000n\000E\000v\000a\000l\000\040\000t\000o\000\040\000R\000e\000a\000l\000-\000W\000o\000r\000l\000d}{subsection.51}% 32
\BOOKMARK [3][-]{section*.53}{\376\377\000S\000t\000a\000b\000i\000l\000i\000t\000y\000\040\000a\000s\000\040\000a\000\040\000M\000e\000t\000r\000i\000c}{subsection.51}% 33
\BOOKMARK [3][-]{section*.54}{\376\377\000D\000o\000m\000a\000i\000n\000-\000S\000p\000e\000c\000i\000f\000i\000c\000\040\000V\000a\000l\000i\000d\000a\000t\000i\000o\000n}{subsection.51}% 34
\BOOKMARK [1][-]{section.55}{\376\377\000D\000i\000s\000c\000u\000s\000s\000i\000o\000n}{chapter.28}% 35
\BOOKMARK [1][-]{section.56}{\376\377\000C\000o\000n\000c\000l\000u\000s\000i\000o\000n}{chapter.28}% 36
\BOOKMARK [0][-]{chapter.57}{\376\377\000M\000e\000t\000h\000o\000d\000o\000l\000o\000g\000y\000\040\000a\000n\000d\000\040\000T\000o\000o\000l\000s}{}% 37
\BOOKMARK [1][-]{section.58}{\376\377\000I\000n\000t\000r\000o\000d\000u\000c\000t\000i\000o\000n}{chapter.57}% 38
\BOOKMARK [1][-]{section.59}{\376\377\000M\000e\000t\000h\000o\000d\000o\000l\000o\000g\000i\000c\000a\000l\000\040\000A\000p\000p\000r\000o\000a\000c\000h}{chapter.57}% 39
\BOOKMARK [2][-]{subsection.60}{\376\377\000A\000r\000c\000h\000i\000t\000e\000c\000t\000u\000r\000a\000l\000\040\000D\000e\000s\000i\000g\000n}{section.59}% 40
\BOOKMARK [1][-]{section.61}{\376\377\000T\000o\000o\000l\000s\000\040\000a\000n\000d\000\040\000T\000e\000c\000h\000n\000o\000l\000o\000g\000i\000e\000s}{chapter.57}% 41
\BOOKMARK [2][-]{subsection.62}{\376\377\000A\000n\000a\000l\000y\000s\000i\000s\000\040\000o\000f\000\040\000A\000g\000e\000n\000t\000\040\000F\000r\000a\000m\000e\000w\000o\000r\000k\000s}{section.61}% 42
\BOOKMARK [2][-]{subsection.63}{\376\377\000L\000e\000t\000t\000a\000\040\000F\000r\000a\000m\000e\000w\000o\000r\000k}{section.61}% 43
\BOOKMARK [2][-]{subsection.64}{\376\377\000S\000u\000p\000p\000o\000r\000t\000i\000n\000g\000\040\000T\000e\000c\000h\000n\000o\000l\000o\000g\000i\000e\000s}{section.61}% 44
\BOOKMARK [1][-]{section.65}{\376\377\000D\000a\000t\000a\000\040\000C\000o\000l\000l\000e\000c\000t\000i\000o\000n\000\040\000a\000n\000d\000\040\000E\000x\000p\000e\000r\000i\000m\000e\000n\000t\000a\000l\000\040\000E\000v\000a\000l\000u\000a\000t\000i\000o\000n}{chapter.57}% 45
\BOOKMARK [2][-]{subsection.66}{\376\377\000D\000a\000t\000a\000\040\000C\000o\000l\000l\000e\000c\000t\000i\000o\000n\000\040\000S\000t\000r\000a\000t\000e\000g\000y}{section.65}% 46
\BOOKMARK [2][-]{subsection.67}{\376\377\000E\000x\000p\000e\000r\000i\000m\000e\000n\000t\000a\000l\000\040\000D\000e\000s\000i\000g\000n}{section.65}% 47
\BOOKMARK [2][-]{subsection.70}{\376\377\000E\000v\000a\000l\000u\000a\000t\000i\000o\000n\000\040\000M\000e\000t\000r\000i\000c\000s}{section.65}% 48
\BOOKMARK [1][-]{section.71}{\376\377\000E\000t\000h\000i\000c\000a\000l\000\040\000a\000n\000d\000\040\000S\000e\000c\000u\000r\000i\000t\000y\000\040\000I\000m\000p\000l\000e\000m\000e\000n\000t\000a\000t\000i\000o\000n}{chapter.57}% 49
\BOOKMARK [1][-]{section.72}{\376\377\000C\000o\000n\000c\000l\000u\000s\000i\000o\000n}{chapter.57}% 50
\BOOKMARK [1][-]{section.73}{\376\377\000E\000t\000h\000i\000c\000a\000l\000\040\000a\000n\000d\000\040\000R\000e\000g\000u\000l\000a\000t\000o\000r\000y\000\040\000C\000h\000a\000l\000l\000e\000n\000g\000e\000s}{chapter.57}% 51
\BOOKMARK [1][-]{section.74}{\376\377\000P\000r\000i\000v\000a\000c\000y\000\040\000a\000n\000d\000\040\000S\000e\000c\000u\000r\000i\000t\000y\000\040\000R\000i\000s\000k\000s}{chapter.57}% 52
\BOOKMARK [1][-]{section.75}{\376\377\000P\000r\000o\000p\000o\000s\000e\000d\000\040\000G\000o\000v\000e\000r\000n\000a\000n\000c\000e\000\040\000F\000r\000a\000m\000e\000w\000o\000r\000k}{chapter.57}% 53
\BOOKMARK [0][-]{chapter.79}{\376\377\000E\000x\000p\000e\000r\000i\000m\000e\000n\000t\000a\000t\000i\000o\000n}{}% 54
\BOOKMARK [1][-]{section.80}{\376\377\000E\000x\000p\000e\000r\000i\000m\000e\000n\000t\000a\000l\000\040\000Q\000u\000e\000s\000t\000i\000o\000n\000s}{chapter.79}% 55
\BOOKMARK [1][-]{section.81}{\376\377\000E\000x\000p\000e\000r\000i\000m\000e\000n\000t\000a\000l\000\040\000S\000e\000t\000u\000p}{chapter.79}% 56
\BOOKMARK [2][-]{subsection.82}{\376\377\000D\000a\000t\000a\000s\000e\000t\000\040\000S\000e\000l\000e\000c\000t\000i\000o\000n}{section.81}% 57
\BOOKMARK [2][-]{subsection.83}{\376\377\000B\000a\000s\000e\000l\000i\000n\000e\000s}{section.81}% 58
\BOOKMARK [1][-]{section.86}{\376\377\000E\000v\000a\000l\000u\000a\000t\000i\000o\000n\000\040\000M\000e\000t\000r\000i\000c\000s}{chapter.79}% 59
\BOOKMARK [1][-]{section.87}{\376\377\000E\000x\000e\000c\000u\000t\000i\000o\000n\000\040\000P\000r\000o\000c\000e\000d\000u\000r\000e}{chapter.79}% 60
\BOOKMARK [1][-]{section.92}{\376\377\000T\000h\000r\000e\000a\000t\000s\000\040\000t\000o\000\040\000V\000a\000l\000i\000d\000i\000t\000y}{chapter.79}% 61
\BOOKMARK [2][-]{subsection.93}{\376\377\000I\000n\000t\000e\000r\000n\000a\000l\000\040\000V\000a\000l\000i\000d\000i\000t\000y}{section.92}% 62
\BOOKMARK [2][-]{subsection.94}{\376\377\000E\000x\000t\000e\000r\000n\000a\000l\000\040\000V\000a\000l\000i\000d\000i\000t\000y}{section.92}% 63
\BOOKMARK [0][-]{chapter.95}{\376\377\000C\000o\000n\000c\000l\000u\000s\000i\000o\000n\000s\000\040\000a\000n\000d\000\040\000F\000u\000t\000u\000r\000e\000\040\000W\000o\000r\000k}{}% 64
\BOOKMARK [1][-]{section.96}{\376\377\000S\000u\000m\000m\000a\000r\000y\000\040\000o\000f\000\040\000t\000h\000e\000\040\000W\000o\000r\000k}{chapter.95}% 65
\BOOKMARK [1][-]{section.97}{\376\377\000D\000i\000s\000c\000u\000s\000s\000i\000o\000n\000\040\000o\000f\000\040\000C\000o\000n\000t\000r\000i\000b\000u\000t\000i\000o\000n\000s}{chapter.95}% 66
\BOOKMARK [1][-]{section.98}{\376\377\000F\000u\000t\000u\000r\000e\000\040\000W\000o\000r\000k}{chapter.95}% 67
\BOOKMARK [1][-]{section.99}{\376\377\000F\000i\000n\000a\000l\000\040\000R\000e\000m\000a\000r\000k\000s}{chapter.95}% 68
\BOOKMARK [0][-]{chapter*.100}{\376\377\000R\000e\000f\000e\000r\000e\000n\000c\000e\000s}{}% 69
